c:\users\daniel\source\repos\restaurant_proj\restaurant_proj\debug\adelle_rest.pch
c:\users\daniel\source\repos\restaurant_proj\restaurant_proj\debug\vc142.pdb
c:\users\daniel\source\repos\restaurant_proj\restaurant_proj\debug\vc142.idb
c:\users\daniel\source\repos\restaurant_proj\restaurant_proj\debug\pch.obj
c:\users\daniel\source\repos\restaurant_proj\restaurant_proj\debug\steaks.obj
c:\users\daniel\source\repos\restaurant_proj\restaurant_proj\debug\sinta.obj
c:\users\daniel\source\repos\restaurant_proj\restaurant_proj\debug\restaurant_proj.obj
c:\users\daniel\source\repos\restaurant_proj\restaurant_proj\debug\restaurant.obj
c:\users\daniel\source\repos\restaurant_proj\restaurant_proj\debug\order.obj
c:\users\daniel\source\repos\restaurant_proj\restaurant_proj\debug\non_alcoholic.obj
c:\users\daniel\source\repos\restaurant_proj\restaurant_proj\debug\fillet.obj
c:\users\daniel\source\repos\restaurant_proj\restaurant_proj\debug\file.obj
c:\users\daniel\source\repos\restaurant_proj\restaurant_proj\debug\entrecote.obj
c:\users\daniel\source\repos\restaurant_proj\restaurant_proj\debug\drinks.obj
c:\users\daniel\source\repos\restaurant_proj\restaurant_proj\debug\alcohol.obj
c:\users\daniel\source\repos\restaurant_proj\restaurant_proj\debug\restaurant_projdlg.obj
c:\users\daniel\source\repos\restaurant_proj\debug\adelle_rest.exe
c:\users\daniel\source\repos\restaurant_proj\debug\adelle_rest.ilk
c:\users\daniel\source\repos\restaurant_proj\debug\adelle_rest.pdb
c:\users\daniel\source\repos\restaurant_proj\restaurant_proj\debug\restaurantproj.res
c:\users\daniel\source\repos\restaurant_proj\restaurant_proj\debug\adelle_rest.tlog\cl.command.1.tlog
c:\users\daniel\source\repos\restaurant_proj\restaurant_proj\debug\adelle_rest.tlog\cl.read.1.tlog
c:\users\daniel\source\repos\restaurant_proj\restaurant_proj\debug\adelle_rest.tlog\cl.write.1.tlog
c:\users\daniel\source\repos\restaurant_proj\restaurant_proj\debug\adelle_rest.tlog\link.command.1.tlog
c:\users\daniel\source\repos\restaurant_proj\restaurant_proj\debug\adelle_rest.tlog\link.read.1.tlog
c:\users\daniel\source\repos\restaurant_proj\restaurant_proj\debug\adelle_rest.tlog\link.write.1.tlog
c:\users\daniel\source\repos\restaurant_proj\restaurant_proj\debug\adelle_rest.tlog\rc.command.1.tlog
c:\users\daniel\source\repos\restaurant_proj\restaurant_proj\debug\adelle_rest.tlog\rc.read.1.tlog
c:\users\daniel\source\repos\restaurant_proj\restaurant_proj\debug\adelle_rest.tlog\rc.write.1.tlog
